Removed Pin From Net: NetName=NetD1_2 Pin=P1-3
Removed Pin From Net: NetName=GND Pin=P2-1
Removed Pin From Net: NetName=+5 Pin=P2-2
Change Component Designator: OldDesignator=P1 NewDesignator=PWR
Added Component: Designator=P1(HDR1X2)
Add component (AddParameter): Name = "LatestRevisionDate"; Value = "17-Jul-2002"; VariantName = "[No Variations]"
Add component (AddParameter): Name = "LatestRevisionNote"; Value = "Re-released for DXP Platform."; VariantName = "[No Variations]"
Add component (AddParameter): Name = "Publisher"; Value = "Altium Limited"; VariantName = "[No Variations]"
Added Component: Designator=P3(HDR1X2)
Add component (AddParameter): Name = "LatestRevisionDate"; Value = "17-Jul-2002"; VariantName = "[No Variations]"
Add component (AddParameter): Name = "LatestRevisionNote"; Value = "Re-released for DXP Platform."; VariantName = "[No Variations]"
Add component (AddParameter): Name = "Publisher"; Value = "Altium Limited"; VariantName = "[No Variations]"
Added Component: Designator=P4(HDR1X2)
Add component (AddParameter): Name = "LatestRevisionDate"; Value = "17-Jul-2002"; VariantName = "[No Variations]"
Add component (AddParameter): Name = "LatestRevisionNote"; Value = "Re-released for DXP Platform."; VariantName = "[No Variations]"
Add component (AddParameter): Name = "Publisher"; Value = "Altium Limited"; VariantName = "[No Variations]"
Added Pin To Net: NetName=NetD1_2 Pin=P1-2
Added Pin To Net: NetName=NetD1_2 Pin=P2-2
Added Pin To Net: NetName=NetD1_2 Pin=P3-2
Added Pin To Net: NetName=NetD1_2 Pin=P4-2
Added Pin To Net: NetName=GND Pin=PWR-2
Added Pin To Net: NetName=+5 Pin=PWR-3
Change Net Name : Old Net Name=NetP1_1 New Net Name=NetPWR_1
Added Pin To Net: NetName=NetP1_1 Pin=P1-1
Added Pin To Net: NetName=NetP1_1 Pin=P2-1
Added Pin To Net: NetName=NetP1_1 Pin=P3-1
Added Pin To Net: NetName=NetP1_1 Pin=P4-1
Added Pin To Net: NetName=NetP1_1 Pin=Q1-2
Added Net: Name=NetP1_1
Added Member To Class: ClassName=Leak Sensor Schematic Member=Component P3 Header 2
Added Member To Class: ClassName=Leak Sensor Schematic Member=Component P4 Header 2
Added Member To Class: ClassName=Leak Sensor Schematic Member=Component PWR Header 3
Added Room: Name=Leak Sensor Schematic
