Removed Pin From Net: NetName=NetR4_2 Pin=U1-1
Change Component Footprint: Designator=P1 Old Footprint=HDR1X4 New Footprint=OLED I2C
Change Component Comment : Designator=P1 Old Comment=OLED New Comment=OLED I2C
Change Component Designator: OldDesignator=D4 NewDesignator=D3
Change Component Designator: OldDesignator=D5 NewDesignator=D4
Change Component Designator: OldDesignator=D6 NewDesignator=D5
Change Component Designator: OldDesignator=P1 NewDesignator=P?
Change Component Designator: OldDesignator=R3 NewDesignator=R4
Change Component Designator: OldDesignator=R4 NewDesignator=R5
Change Component Designator: OldDesignator=R5 NewDesignator=R6
Change Component Designator: OldDesignator=R6 NewDesignator=R7
Change Component Designator: OldDesignator=R7 NewDesignator=R8
Change Component Designator: OldDesignator=R NewDesignator=R3
Change Net Name : Old Net Name=NetD4_2 New Net Name=NetD3_2
Change Net Name : Old Net Name=NetD5_2 New Net Name=NetD4_2
Change Net Name : Old Net Name=NetD6_1 New Net Name=NetD5_1
Change Net Name : Old Net Name=NetR3_1 New Net Name=NetR4_1
Change Net Name : Old Net Name=NetR4_1 New Net Name=NetR3_2
Change Net Name : Old Net Name=NetR4_2 New Net Name=NetR5_2
Change Net Name : Old Net Name=NetR5_1 New Net Name=NetR6_1
Added Room: Name=Power Sense Module SCH
