Change Component Designator: Old Designator=C? New Designator=C1
Change Component Designator: Old Designator=C? New Designator=C2
Change Component Designator: Old Designator=C? New Designator=C3
Change Component Designator: Old Designator=C? New Designator=C4
Change Component Designator: Old Designator=C? New Designator=C5
Change Component Designator: Old Designator=C? New Designator=C6
Change Component Designator: Old Designator=C? New Designator=C7
Change Component Designator: Old Designator=C? New Designator=C8
Change Component Designator: Old Designator=C? New Designator=C9
Change Component Designator: Old Designator=C? New Designator=C10
Change Component Designator: Old Designator=C? New Designator=C11
Change Component Designator: Old Designator=D? New Designator=D1
Change Component Designator: Old Designator=D? New Designator=D2
Change Component Designator: Old Designator=D? New Designator=D3
Change Component Designator: Old Designator=IC? New Designator=IC1
Change Component Designator: Old Designator=IC? New Designator=IC2
Change Component Designator: Old Designator=J? New Designator=J1
Change Component Designator: Old Designator=J? New Designator=J2
Change Component Designator: Old Designator=J? New Designator=J3
Change Component Designator: Old Designator=J? New Designator=J4
Change Component Designator: Old Designator=J? New Designator=J5
Change Component Designator: Old Designator=L? New Designator=L1
Change Component Designator: Old Designator=L? New Designator=L2
Change Component Designator: Old Designator=L? New Designator=L3
Change Component Designator: Old Designator=P? New Designator=P1
Change Component Designator: Old Designator=P? New Designator=P2
Change Component Designator: Old Designator=P? New Designator=P3
Change Component Designator: Old Designator=P? New Designator=P4
Change Component Designator: Old Designator=P? New Designator=P5
Change Component Designator: Old Designator=P? New Designator=P6
Change Component Designator: Old Designator=R? New Designator=R1
Change Component Designator: Old Designator=R? New Designator=R2
Change Component Designator: Old Designator=R? New Designator=R3
Change Component Designator: Old Designator=R? New Designator=R4
Change Component Designator: Old Designator=U? New Designator=U1
