Replace Part C1 CAP_10nF_%20_0603_50V_X7R_CER in C:\Users\ogzhn\Desktop\ROV\Boards\BARBAROV Power Distrubution Board\BARBAROV Power Distrubution Board.SchDoc with CAP_10nF_%20_0603_50V_X7R_CER from Main Component Library.IntLib
Replace Part C2 CAP_180uF_20%_25V_SMD_ALUM POLY_8.30mmx8.30mm in C:\Users\ogzhn\Desktop\ROV\Boards\BARBAROV Power Distrubution Board\BARBAROV Power Distrubution Board.SchDoc with CAP_180uF_20%_25V_SMD_ALUM POLY_8.30mmx8.30mm from Main Component Library.IntLib
Replace Part C3 CAP_100nF_50V_0805_C0G_CER in C:\Users\ogzhn\Desktop\ROV\Boards\BARBAROV Power Distrubution Board\BARBAROV Power Distrubution Board.SchDoc with CAP_100nF_50V_0805_C0G_CER from Main Component Library.IntLib
Replace Part C4 CAP_330uF_20%_16V_SMD_ALUM POLY_8.30mm x 8.30mm in C:\Users\ogzhn\Desktop\ROV\Boards\BARBAROV Power Distrubution Board\BARBAROV Power Distrubution Board.SchDoc with CAP_330uF_20%_16V_SMD_ALUM POLY_8.30mm x 8.30mm from Main Component Library.IntLib
Replace Part C5 CAP_120uF_20%_20V_ALUM POLY_SMD in C:\Users\ogzhn\Desktop\ROV\Boards\BARBAROV Power Distrubution Board\BARBAROV Power Distrubution Board.SchDoc with CAP_120uF_20%_20V_ALUM POLY_SMD from Main Component Library.IntLib
Replace Part C6 CAP_470uF_20%_25V_SMD_ALUM in C:\Users\ogzhn\Desktop\ROV\Boards\BARBAROV Power Distrubution Board\BARBAROV Power Distrubution Board.SchDoc with CAP_470uF_20%_25V_SMD_ALUM from Main Component Library.IntLib
Replace Part D1 DIODE_SCHOTTKY_200V_10A_DPAK in C:\Users\ogzhn\Desktop\ROV\Boards\BARBAROV Power Distrubution Board\BARBAROV Power Distrubution Board.SchDoc with DIODE_SCHOTTKY_200V_10A_DPAK from Main Component Library.IntLib
Replace Part D2 DIODE_SCHOTTKY_40V_5A_SMC in C:\Users\ogzhn\Desktop\ROV\Boards\BARBAROV Power Distrubution Board\BARBAROV Power Distrubution Board.SchDoc with DIODE_SCHOTTKY_40V_5A_SMC from Main Component Library.IntLib
Replace Part J1 CONN_TERM BLOCK_HDR_2POS_VERT_3.81MM in C:\Users\ogzhn\Desktop\ROV\Boards\BARBAROV Power Distrubution Board\BARBAROV Power Distrubution Board.SchDoc with CONN_TERM BLOCK_HDR_2POS_VERT_3.81MM from Main Component Library.IntLib
Replace Part J2 CONN_TERM BLOCK_HDR_2POS_VERT_3.81MM in C:\Users\ogzhn\Desktop\ROV\Boards\BARBAROV Power Distrubution Board\BARBAROV Power Distrubution Board.SchDoc with CONN_TERM BLOCK_HDR_2POS_VERT_3.81MM from Main Component Library.IntLib
Replace Part J3 CONN_TERM BLOCK_HDR_2POS_VERT_3.81MM in C:\Users\ogzhn\Desktop\ROV\Boards\BARBAROV Power Distrubution Board\BARBAROV Power Distrubution Board.SchDoc with CONN_TERM BLOCK_HDR_2POS_VERT_3.81MM from Main Component Library.IntLib
Replace Part J4 CONN_TERM BLOCK_HDR_2POS_VERT_3.81MM in C:\Users\ogzhn\Desktop\ROV\Boards\BARBAROV Power Distrubution Board\BARBAROV Power Distrubution Board.SchDoc with CONN_TERM BLOCK_HDR_2POS_VERT_3.81MM from Main Component Library.IntLib
Replace Part J5 CONN_TERM BLOCK_HDR_2POS_VERT_3.81MM in C:\Users\ogzhn\Desktop\ROV\Boards\BARBAROV Power Distrubution Board\BARBAROV Power Distrubution Board.SchDoc with CONN_TERM BLOCK_HDR_2POS_VERT_3.81MM from Main Component Library.IntLib
Replace Part J6 CONN_TERM BLOCK_HDR_2POS_VERT_3.81MM in C:\Users\ogzhn\Desktop\ROV\Boards\BARBAROV Power Distrubution Board\BARBAROV Power Distrubution Board.SchDoc with CONN_TERM BLOCK_HDR_2POS_VERT_3.81MM from Main Component Library.IntLib
Replace Part J7 CONN_XT60 in C:\Users\ogzhn\Desktop\ROV\Boards\BARBAROV Power Distrubution Board\BARBAROV Power Distrubution Board.SchDoc with CONN_XT60 from Main Component Library.IntLib
Replace Part J8 CONN_TERM BLOCK_HDR_2POS_VERT_3.81MM in C:\Users\ogzhn\Desktop\ROV\Boards\BARBAROV Power Distrubution Board\BARBAROV Power Distrubution Board.SchDoc with CONN_TERM BLOCK_HDR_2POS_VERT_3.81MM from Main Component Library.IntLib
Replace Part J9 CONN_TERM BLOCK_HDR_2POS_VERT_3.81MM in C:\Users\ogzhn\Desktop\ROV\Boards\BARBAROV Power Distrubution Board\BARBAROV Power Distrubution Board.SchDoc with CONN_TERM BLOCK_HDR_2POS_VERT_3.81MM from Main Component Library.IntLib
Replace Part J10 CONN_TERM BLOCK_HDR_2POS_VERT_3.81MM in C:\Users\ogzhn\Desktop\ROV\Boards\BARBAROV Power Distrubution Board\BARBAROV Power Distrubution Board.SchDoc with CONN_TERM BLOCK_HDR_2POS_VERT_3.81MM from Main Component Library.IntLib
Replace Part J11 CONN_TERM BLOCK_HDR_2POS_VERT_3.81MM in C:\Users\ogzhn\Desktop\ROV\Boards\BARBAROV Power Distrubution Board\BARBAROV Power Distrubution Board.SchDoc with CONN_TERM BLOCK_HDR_2POS_VERT_3.81MM from Main Component Library.IntLib
Replace Part L1 IND_10uH_10A_16.8MOHM_SMD in C:\Users\ogzhn\Desktop\ROV\Boards\BARBAROV Power Distrubution Board\BARBAROV Power Distrubution Board.SchDoc with IND_10uH_10A_16.8MOHM_SMD from Main Component Library.IntLib
Replace Part L2 IND_100uH_9.1A_39.4MOHM_SM in C:\Users\ogzhn\Desktop\ROV\Boards\BARBAROV Power Distrubution Board\BARBAROV Power Distrubution Board.SchDoc with IND_100uH_9.1A_39.4MOHM_SM from Main Component Library.IntLib
Replace Part P1 ESC_PAD in C:\Users\ogzhn\Desktop\ROV\Boards\BARBAROV Power Distrubution Board\BARBAROV Power Distrubution Board.SchDoc with ESC_PAD from Main Component Library.IntLib
Replace Part P2 ESC_PAD in C:\Users\ogzhn\Desktop\ROV\Boards\BARBAROV Power Distrubution Board\BARBAROV Power Distrubution Board.SchDoc with ESC_PAD from Main Component Library.IntLib
Replace Part P3 ESC_PAD in C:\Users\ogzhn\Desktop\ROV\Boards\BARBAROV Power Distrubution Board\BARBAROV Power Distrubution Board.SchDoc with ESC_PAD from Main Component Library.IntLib
Replace Part P4 ESC_PAD in C:\Users\ogzhn\Desktop\ROV\Boards\BARBAROV Power Distrubution Board\BARBAROV Power Distrubution Board.SchDoc with ESC_PAD from Main Component Library.IntLib
Replace Part P5 ESC_PAD in C:\Users\ogzhn\Desktop\ROV\Boards\BARBAROV Power Distrubution Board\BARBAROV Power Distrubution Board.SchDoc with ESC_PAD from Main Component Library.IntLib
Replace Part P6 ESC_PAD in C:\Users\ogzhn\Desktop\ROV\Boards\BARBAROV Power Distrubution Board\BARBAROV Power Distrubution Board.SchDoc with ESC_PAD from Main Component Library.IntLib
Replace Part U1 PMIC_LM2677 in C:\Users\ogzhn\Desktop\ROV\Boards\BARBAROV Power Distrubution Board\BARBAROV Power Distrubution Board.SchDoc with PMIC_LM2677 from Main Component Library.IntLib
Replace Part U2 PMIC_LM2576SX in C:\Users\ogzhn\Desktop\ROV\Boards\BARBAROV Power Distrubution Board\BARBAROV Power Distrubution Board.SchDoc with PMIC_LM2576SX from Main Component Library.IntLib
